15-07-2021 02:55:07 info: User : Elwin successfully logged in
15-07-2021 02:56:16 info: User : Elwin with wrong password combination
15-07-2021 03:00:44 : info ➔ User : Elwin with wrong password combination
15-07-2021 03:01:20 : error ➔ User : Elwin with wrong password combination
15-07-2021 03:02:35 info ➔ User : Elwin successfully logged in
15-07-2021 03:05:26 info: User Elwin successfully logged in
15-07-2021 03:05:49 error: User Elwin with wrong password combination
15-07-2021 03:19:13 info: User Hinata successfully logged in
15-07-2021 03:19:46 error: User Hinata with wrong password combination
15-07-2021 21:51:05 info: User Hinata successfully logged in
16-07-2021 00:56:51 info: User Hinata successfully logged in
16-07-2021 00:57:24 info: User Hinata successfully logged in
16-07-2021 01:05:43 info: User Hinata successfully logged in
16-07-2021 01:13:43 info: User Hinata successfully logged in
16-07-2021 01:20:08 error: User Hinata with wrong password combination
16-07-2021 01:20:11 error: User Hinata with wrong password combination
16-07-2021 01:20:20 info: User Hinata successfully logged in
16-07-2021 01:25:17 info: User Hinata successfully logged in
16-07-2021 01:29:14 info: User Hinata successfully logged in
16-07-2021 01:35:28 info: User Hinata successfully logged in
16-07-2021 01:44:08 info: User Hinata successfully logged in
16-07-2021 01:54:02 error: User Prasanth with wrong password combination
16-07-2021 01:54:05 info: User Prasanth successfully logged in
16-07-2021 01:59:16 info: User Hinata successfully logged in
16-07-2021 02:18:58 info: User Hinata successfully logged in
16-07-2021 02:19:19 info: User Hinata successfully logged in
16-07-2021 02:25:15 info: User Hinata successfully logged in
16-07-2021 02:27:56 info: User Hinata successfully logged in
16-07-2021 02:30:42 info: User Hinata successfully logged in
16-07-2021 02:33:12 info: User Hinata successfully logged in
16-07-2021 02:36:55 info: User Kugan successfully logged in
16-07-2021 02:57:22 info: User Hinata successfully logged in
16-07-2021 03:03:11 info: User Kugan successfully logged in
16-07-2021 03:26:44 info: User Hinata successfully logged in
16-07-2021 04:12:56 info: User Hinata successfully logged in
16-07-2021 04:19:29 error: User Hinata with wrong password combination
16-07-2021 04:19:34 info: User Hinata successfully logged in
16-07-2021 04:20:04 info: User Hinata successfully logged in
16-07-2021 04:20:47 info: User Hinata successfully logged in
18-07-2021 01:54:07 info: User Hinata successfully logged in
18-07-2021 02:01:02 info: User Hinata successfully logged in
18-07-2021 02:02:03 info: User Hinata successfully logged in
18-07-2021 02:04:05 info: User Hinata successfully logged in
18-07-2021 02:05:13 info: User Hinata successfully logged in
18-07-2021 02:08:20 info: User Hinata successfully logged in
18-07-2021 02:10:17 info: User Kugan successfully logged in
18-07-2021 02:12:22 info: User Hinata successfully logged in
18-07-2021 02:14:37 info: User Hinata successfully logged in
18-07-2021 02:18:27 info: User Hinata successfully logged in
18-07-2021 02:20:43 info: User Hinata successfully logged in
18-07-2021 02:30:34 info: User Hinata successfully logged in
18-07-2021 02:32:52 info: User Hinata successfully logged in
18-07-2021 02:36:19 info: User Hinata successfully logged in
18-07-2021 03:00:05 info: User Hinata successfully logged in
18-07-2021 23:40:19 info: User Hinata successfully logged in
21-07-2021 04:06:32 info: User Hinata successfully logged in
21-07-2021 04:15:50 info: User Hinata successfully logged in
25-07-2021 02:14:00 info: User Hinata successfully logged in
25-07-2021 02:30:27 info: User Hinata successfully logged in
25-07-2021 02:30:40 error: User Hinata with wrong password combination
25-07-2021 02:31:03 info: User Hinata successfully logged in
25-07-2021 02:33:02 error: User Hinata with wrong password combination
25-07-2021 02:33:12 info: User Hinata successfully logged in
25-07-2021 02:35:20 error: User Hinata with wrong password combination
25-07-2021 02:35:24 info: User Hinata successfully logged in
25-07-2021 02:44:30 info: User Hinata successfully logged in
26-07-2021 00:00:29 info: User Hinata successfully logged in
26-07-2021 00:21:33 error: User Prasanth with wrong password combination
26-07-2021 00:21:40 info: User Prasanth successfully logged in
26-07-2021 20:08:36 info: User Hinata successfully logged in
26-07-2021 20:10:53 info: User Hinata successfully logged in
26-07-2021 20:23:03 info: User Hinata successfully logged in
26-07-2021 20:24:29 error: User Hinata with wrong password combination
26-07-2021 20:24:33 error: User Hinata with wrong password combination
26-07-2021 20:24:41 info: User Hinata successfully logged in
26-07-2021 20:27:05 info: User Hinata successfully logged in
26-07-2021 20:28:31 info: User Hinata successfully logged in
26-07-2021 21:27:26 info: User Hinata successfully logged in
26-07-2021 22:07:37 info: User Hinata successfully logged in
26-07-2021 23:59:03 info: User Mahathir successfully logged in
27-07-2021 00:27:40 info: User Hinata successfully logged in
27-07-2021 00:29:07 info: User Hinata successfully logged in
27-07-2021 00:39:11 info: User Hinata successfully logged in
27-07-2021 00:40:55 info: User Hinata successfully logged in
27-07-2021 00:45:51 info: User Hinata successfully logged in
27-07-2021 00:53:06 info: User Hinata successfully logged in
27-07-2021 00:54:40 info: User Hinata successfully logged in
27-07-2021 00:55:00 info: User Hinata successfully logged in
27-07-2021 00:56:03 info: User Prasanth successfully logged in
28-07-2021 02:51:17 info: User Mahathir successfully logged in
28-07-2021 02:54:12 info: User Hinata successfully logged in
28-07-2021 03:11:39 info: User Hinata successfully logged in
28-07-2021 03:15:35 info: User Hinata successfully logged in
28-07-2021 03:22:06 error: User Hinata with wrong password combination
28-07-2021 03:22:19 info: User Hinata successfully logged in
28-07-2021 23:57:08 info: User Mahathir successfully logged in
28-07-2021 23:58:14 info: User Mahathir successfully logged in
28-07-2021 23:58:41 info: User Mahathir successfully logged in
29-07-2021 00:03:09 info: User Mahathir successfully logged in
29-07-2021 00:05:46 info: User Hinata successfully logged in
29-07-2021 00:25:26 info: User Hinata successfully logged in
29-07-2021 00:29:17 error: User Hinata with wrong password combination
29-07-2021 00:29:27 info: User Hinata successfully logged in
29-07-2021 00:32:17 info: User Hinata successfully logged in
29-07-2021 01:28:08 info: User Hinata successfully logged in
29-07-2021 01:39:57 info: User Hinata successfully logged in
29-07-2021 01:41:46 info: User Mahathir successfully logged in
29-07-2021 01:54:00 info: User Prasanth successfully logged in
29-07-2021 01:56:49 info: User Prasanth successfully logged in
29-07-2021 01:58:50 info: User Mahathir successfully logged in
29-07-2021 02:14:34 info: User Hinata successfully logged in
29-07-2021 02:15:40 info: User Prasanth successfully logged in
29-07-2021 02:16:17 info: User Hinata successfully logged in
29-07-2021 02:48:06 info: User Hinata successfully logged in
29-07-2021 03:00:22 info: User Mahathir successfully logged in
29-07-2021 03:53:07 info: User Nishanth successfully logged in
29-07-2021 04:03:12 info: User Nishanth successfully logged in
29-07-2021 04:11:51 info: User Mahathir successfully logged in
29-07-2021 04:12:17 info: User Mahathir successfully logged in
29-07-2021 20:58:53 info: User Hinata successfully logged in
29-07-2021 21:00:50 info: User Hinata successfully logged in
29-07-2021 21:01:21 info: User Hinata successfully logged in
29-07-2021 21:14:54 error: User Prasanth with wrong password combination
29-07-2021 21:15:03 info: User Prasanth successfully logged in
29-07-2021 21:21:58 info: User Hinata successfully logged in
29-07-2021 21:28:40 info: User Prasanth successfully logged in
29-07-2021 21:34:02 info: User Hinata successfully logged in
29-07-2021 22:11:58 info: User Prasanth successfully logged in
29-07-2021 22:28:27 info: User Mahathir successfully logged in
29-07-2021 22:28:49 info: User Prasanth successfully logged in
29-07-2021 22:30:36 info: User Prasanth successfully logged in
29-07-2021 23:10:36 info: User Mahathir successfully logged in
29-07-2021 23:11:20 info: User Prasanth successfully logged in
29-07-2021 23:13:30 info: User Hinata successfully logged in
29-07-2021 23:26:11 info: User Mahathir successfully logged in
29-07-2021 23:26:21 info: User Mahathir successfully logged in
29-07-2021 23:26:27 error: User Mahathir with wrong password combination
29-07-2021 23:26:31 info: User Mahathir successfully logged in
29-07-2021 23:27:06 info: User Mahathir successfully logged in
29-07-2021 23:27:19 info: User Hinata successfully logged in
31-07-2021 00:47:04 info: User Hinata successfully logged in
31-07-2021 00:58:23 error: User Prasanth with wrong password combination
31-07-2021 00:58:28 info: User Prasanth successfully logged in
31-07-2021 00:59:51 info: User Hinata successfully logged in
31-07-2021 01:00:33 info: User Mahathir successfully logged in
31-07-2021 01:06:58 error: User Nishanth with wrong password combination
31-07-2021 01:07:03 info: User Nishanth successfully logged in
02-08-2021 01:50:45 info: User Hinata successfully logged in
02-08-2021 01:57:05 info: User Hinata successfully logged in
02-08-2021 01:57:56 info: User Prasanth successfully logged in
02-08-2021 02:25:57 info: User Hinata successfully logged in
02-08-2021 02:29:33 info: User Hinata successfully logged in
02-08-2021 03:05:33 info: User Hinata successfully logged in
02-08-2021 03:24:28 info: User Hinata successfully logged in
02-08-2021 03:26:11 info: User Naruto successfully logged in
02-08-2021 03:26:23 info: User Naruto successfully logged in
02-08-2021 03:28:37 info: User Prasanth successfully logged in
02-08-2021 03:51:54 info: User Kugan successfully logged in
02-08-2021 03:53:06 info: User Kugan successfully logged in
02-08-2021 04:11:43 info: User Kugan successfully logged in
02-08-2021 04:32:28 info: User Kugan successfully logged in
02-08-2021 04:37:09 info: User Kugan successfully logged in
02-08-2021 04:37:59 info: User Kugan successfully logged in
02-08-2021 04:40:22 error: User Kugan with wrong password combination
02-08-2021 04:40:29 info: User Kugan successfully logged in
02-08-2021 04:44:16 info: User Kugan successfully logged in
02-08-2021 04:49:26 info: User Kugan successfully logged in
02-08-2021 04:50:07 info: User Kugan successfully logged in
02-08-2021 04:51:33 info: User Kugan successfully logged in
02-08-2021 04:51:49 info: User Kugan successfully logged in
02-08-2021 04:54:34 info: User Kugan successfully logged in
02-08-2021 04:55:12 info: User Kugan successfully logged in
02-08-2021 04:55:25 info: User Prasanth successfully logged in
02-08-2021 04:56:34 info: User Kugan successfully logged in
03-08-2021 02:21:42 info: User Shanmuga successfully logged in
03-08-2021 02:21:49 error: User Shanmuga with wrong password combination
03-08-2021 02:21:53 info: User Shanmuga successfully logged in
03-08-2021 02:24:13 info: User Susan successfully logged in
03-08-2021 02:33:35 info: User Shanmuga successfully logged in
03-08-2021 02:34:14 info: User Susan successfully logged in
03-08-2021 02:34:49 info: User Kugan successfully logged in
03-08-2021 03:50:51 info: User Kugan successfully logged in
03-08-2021 03:54:06 info: User Prasanth successfully logged in
03-08-2021 03:55:01 info: User Kugan successfully logged in
03-08-2021 03:55:57 info: User Kugan successfully logged in
03-08-2021 04:01:52 info: User Kugan successfully logged in
03-08-2021 04:08:25 info: User Prasanth successfully logged in
03-08-2021 04:08:46 info: User Kugan successfully logged in
04-08-2021 00:25:21 info: User Kugan successfully logged in
04-08-2021 06:05:50 info: User Prasanth successfully logged in
04-08-2021 08:09:44 info: User Kugan successfully logged in
04-08-2021 08:27:31 info: User Prasanth successfully logged in
04-08-2021 08:55:06 info: User Prasanth successfully logged in
06-08-2021 08:53:24 info: User Kugan successfully logged in
06-08-2021 08:53:53 info: User Kugan successfully logged in
06-08-2021 11:29:41 info: User Kugan successfully logged in
06-08-2021 12:00:44 info: User Prasanth successfully logged in
06-08-2021 12:01:34 info: User Kugan successfully logged in
06-08-2021 12:39:53 info: User Prasanth successfully logged in
07-08-2021 16:45:40 info: User Prasanth successfully logged in
07-08-2021 16:46:06 info: User Kugan successfully logged in
08-08-2021 03:13:01 info: User Kugan successfully logged in
08-08-2021 18:26:43 info: User Kugan successfully logged in
08-08-2021 18:28:19 info: User Naruto successfully logged in
08-08-2021 18:55:55 info: User Kugan successfully logged in
09-08-2021 09:25:44 info: User Kugan successfully logged in
09-08-2021 09:27:56 info: User Kugan successfully logged in
09-08-2021 09:41:31 error: User Prasanth with wrong password combination
09-08-2021 09:41:39 info: User Prasanth successfully logged in
09-08-2021 09:46:27 info: User Kugan successfully logged in
09-08-2021 11:38:23 info: User Kugan successfully logged in
09-08-2021 13:39:01 info: User Kugan successfully logged in
10-08-2021 07:32:52 info: User Kugan successfully logged in
11-08-2021 03:24:01 info: User Kugan successfully logged in
